[debug] [2021-04-23T18:24:04.535Z] ----------------------------------------------------------------------
[debug] [2021-04-23T18:24:04.537Z] Command:       C:\Program Files\nodejs\node.exe C:\Users\KIIT\AppData\Roaming\npm\node_modules\firebase-tools\lib\bin\firebase.js init
[debug] [2021-04-23T18:24:04.538Z] CLI Version:   9.10.0
[debug] [2021-04-23T18:24:04.538Z] Platform:      win32
[debug] [2021-04-23T18:24:04.538Z] Node Version:  v10.16.2
[debug] [2021-04-23T18:24:04.539Z] Time:          Fri Apr 23 2021 23:54:04 GMT+0530 (India Standard Time)
[debug] [2021-04-23T18:24:04.539Z] ----------------------------------------------------------------------
[debug] 
[debug] [2021-04-23T18:24:04.547Z] > command requires scopes: ["email","openid","https://www.googleapis.com/auth/cloudplatformprojects.readonly","https://www.googleapis.com/auth/firebase","https://www.googleapis.com/auth/cloud-platform"]
[debug] [2021-04-23T18:24:04.547Z] > authorizing via signed-in user (rajeshroutray36@gmail.com)
[info] 
     ######## #### ########  ######## ########     ###     ######  ########
     ##        ##  ##     ## ##       ##     ##  ##   ##  ##       ##
     ######    ##  ########  ######   ########  #########  ######  ######
     ##        ##  ##    ##  ##       ##     ## ##     ##       ## ##
     ##       #### ##     ## ######## ########  ##     ##  ######  ########

You're about to initialize a Firebase project in this directory:

  D:\bloggy

Before we get started, keep in mind:

  * You are initializing in an existing Firebase project directory

[info] 
=== Project Setup
[info] 
[info] First, let's associate this project directory with a Firebase project.
[info] You can create multiple project aliases by running firebase use --add, 
[info] but for now we'll just set up a default project.
[info] 
[info] i  .firebaserc already has a default project, using bloggy-ef549. 
[debug] [2021-04-23T18:24:48.115Z] > refreshing access token with scopes: []
[debug] [2021-04-23T18:24:48.116Z] >>> HTTP REQUEST POST https://www.googleapis.com/oauth2/v3/token  
 <request body omitted>
[debug] [2021-04-23T18:24:48.511Z] <<< HTTP RESPONSE 200 {"date":"Fri, 23 Apr 2021 18:24:52 GMT","cache-control":"no-cache, no-store, max-age=0, must-revalidate","pragma":"no-cache","expires":"Mon, 01 Jan 1990 00:00:00 GMT","content-type":"application/json; charset=utf-8","vary":"X-Origin, Referer, Origin,Accept-Encoding","server":"scaffolding on HTTPServer2","x-xss-protection":"0","x-frame-options":"SAMEORIGIN","x-content-type-options":"nosniff","alt-svc":"h3-29=\":443\"; ma=2592000,h3-T051=\":443\"; ma=2592000,h3-Q050=\":443\"; ma=2592000,h3-Q046=\":443\"; ma=2592000,h3-Q043=\":443\"; ma=2592000,quic=\":443\"; ma=2592000; v=\"46,43\"","accept-ranges":"none","transfer-encoding":"chunked"}
[debug] [2021-04-23T18:24:48.548Z] >>> [apiv2][query] GET https://firebase.googleapis.com/v1beta1/projects/bloggy-ef549 [none]
[debug] [2021-04-23T18:24:49.243Z] <<< [apiv2][status] GET https://firebase.googleapis.com/v1beta1/projects/bloggy-ef549 200
[debug] [2021-04-23T18:24:49.243Z] <<< [apiv2][body] GET https://firebase.googleapis.com/v1beta1/projects/bloggy-ef549 {"projectId":"bloggy-ef549","projectNumber":"130923940094","displayName":"Bloggy","name":"projects/bloggy-ef549","resources":{"hostingSite":"bloggy-ef549","realtimeDatabaseInstance":"bloggy-ef549-default-rtdb","storageBucket":"bloggy-ef549.appspot.com","locationId":"us-central"},"state":"ACTIVE"}
[info] 
=== Hosting Setup
[info] 
[info] Your public directory is the folder (relative to your project directory) that
[info] will contain Hosting assets to be uploaded with firebase deploy. If you
[info] have a build process for your assets, use your build's output directory.
[info] 
[debug] [2021-04-23T18:26:08.064Z] >>> [apiv2][query] GET https://www.gstatic.com/firebasejs/releases.json [none]
[debug] [2021-04-23T18:26:08.876Z] <<< [apiv2][status] GET https://www.gstatic.com/firebasejs/releases.json 200
[debug] [2021-04-23T18:26:08.876Z] <<< [apiv2][body] GET https://www.gstatic.com/firebasejs/releases.json {"current":{"version":"8.4.1","browserURL":"https://www.gstatic.com/firebasejs/8.4.1/firebase.js","packageURL":"https://www.gstatic.com/firebasejs/8.4.1/firebase.tgz"},"live":{"version":"8.4","browserURL":"https://www.gstatic.com/firebasejs/live/8.4/firebase.js","packageURL":"https://www.gstatic.com/firebasejs/live/8.4/firebase.tgz"},"components":{"analytics":"https://www.gstatic.com/firebasejs/8.4.1/firebase-analytics.js","app":"https://www.gstatic.com/firebasejs/8.4.1/firebase-app.js","auth":"https://www.gstatic.com/firebasejs/8.4.1/firebase-auth.js","database":"https://www.gstatic.com/firebasejs/8.4.1/firebase-database.js","firestore":"https://www.gstatic.com/firebasejs/8.4.1/firebase-firestore.js","functions":"https://www.gstatic.com/firebasejs/8.4.1/firebase-functions.js","installations":"https://www.gstatic.com/firebasejs/8.4.1/firebase-installations.js","messaging":"https://www.gstatic.com/firebasejs/8.4.1/firebase-messaging.js","storage":"https://www.gstatic.com/firebasejs/8.4.1/firebase-storage.js","performance":"https://www.gstatic.com/firebasejs/8.4.1/firebase-performance.js","remote-config":"https://www.gstatic.com/firebasejs/8.4.1/firebase-remote-config.js","firestore.memory":"https://www.gstatic.com/firebasejs/8.4.1/firebase-firestore.memory.js"}}
[info] i  Skipping write of public/index.html 
[info] 
[info] i  Didn't detect a .git folder. Assuming D:\bloggy is the project root. 
[info] i  Authorizing with GitHub to upload your service account to a GitHub repository's secrets store. 
[info] 
[info] Visit this URL on this device to log in:
[info] https://github.com/login/oauth/authorize?client_id=89cf50f02ac6aaed3484&state=358333633&redirect_uri=http%3A%2F%2Flocalhost%3A9005&scope=read%3Auser%20repo%20public_repo
[info] 
[info] Waiting for authentication...
[debug] [2021-04-23T18:26:31.465Z] >>> HTTP REQUEST POST https://github.com/login/oauth/access_token  
 {"client_id":"89cf50f02ac6aaed3484","client_secret":"3330d14abc895d9a74d5f17cd7a00711fa2c5bf0","code":"5c97a1f80a8c2f9e62ad","redirect_uri":"http://localhost:9005","state":"358333633"}
[debug] [2021-04-23T18:26:32.461Z] <<< HTTP RESPONSE 200 {"server":"GitHub.com","date":"Fri, 23 Apr 2021 18:26:36 GMT","content-type":"application/json; charset=utf-8","transfer-encoding":"chunked","vary":"X-PJAX, Accept-Encoding, Accept, X-Requested-With","permissions-policy":"interest-cohort=()","etag":"W/\"debc2a256dd3ad5ee750f187b3d90b73\"","cache-control":"max-age=0, private, must-revalidate","strict-transport-security":"max-age=31536000; includeSubdomains; preload","x-frame-options":"deny","x-content-type-options":"nosniff","x-xss-protection":"0","referrer-policy":"origin-when-cross-origin, strict-origin-when-cross-origin","expect-ct":"max-age=2592000, report-uri=\"https://api.github.com/_private/browser/errors\"","content-security-policy":"default-src 'none'; base-uri 'self'; block-all-mixed-content; connect-src 'self' uploads.github.com www.githubstatus.com collector.githubapp.com api.github.com github-cloud.s3.amazonaws.com github-production-repository-file-5c1aeb.s3.amazonaws.com github-production-upload-manifest-file-7fdce7.s3.amazonaws.com github-production-user-asset-6210df.s3.amazonaws.com cdn.optimizely.com logx.optimizely.com/v1/events wss://alive.github.com; font-src github.githubassets.com; form-action 'self' github.com gist.github.com; frame-ancestors 'none'; frame-src render.githubusercontent.com; img-src 'self' data: github.githubassets.com identicons.github.com collector.githubapp.com github-cloud.s3.amazonaws.com secured-user-images.githubusercontent.com/ *.githubusercontent.com; manifest-src 'self'; media-src 'none'; script-src github.githubassets.com; style-src 'unsafe-inline' github.githubassets.com; worker-src github.com/socket-worker-3f088aa2.js gist.github.com/socket-worker-3f088aa2.js","x-github-request-id":"D954:1446:3E015:4E90B:6083115B"}
[debug] [2021-04-23T18:26:32.477Z] >>> [apiv2][query] GET https://api.github.com/user [none]
[debug] [2021-04-23T18:26:33.159Z] <<< [apiv2][status] GET https://api.github.com/user 200
[debug] [2021-04-23T18:26:33.160Z] <<< [apiv2][body] GET https://api.github.com/user {"login":"Raj63-go","id":72657828,"node_id":"MDQ6VXNlcjcyNjU3ODI4","avatar_url":"https://avatars.githubusercontent.com/u/72657828?v=4","gravatar_id":"","url":"https://api.github.com/users/Raj63-go","html_url":"https://github.com/Raj63-go","followers_url":"https://api.github.com/users/Raj63-go/followers","following_url":"https://api.github.com/users/Raj63-go/following{/other_user}","gists_url":"https://api.github.com/users/Raj63-go/gists{/gist_id}","starred_url":"https://api.github.com/users/Raj63-go/starred{/owner}{/repo}","subscriptions_url":"https://api.github.com/users/Raj63-go/subscriptions","organizations_url":"https://api.github.com/users/Raj63-go/orgs","repos_url":"https://api.github.com/users/Raj63-go/repos","events_url":"https://api.github.com/users/Raj63-go/events{/privacy}","received_events_url":"https://api.github.com/users/Raj63-go/received_events","type":"User","site_admin":false,"name":"Rajesh Routray","company":null,"blog":"","location":"Bhubaneshwar,Odisha","email":null,"hireable":null,"bio":"learning to thrive in it","twitter_username":null,"public_repos":12,"public_gists":0,"followers":1,"following":2,"created_at":"2020-10-10T13:19:19Z","updated_at":"2021-04-23T18:26:34Z","private_gists":0,"total_private_repos":0,"owned_private_repos":0,"disk_usage":47824,"collaborators":0,"two_factor_authentication":false,"plan":{"name":"free","space":976562499,"collaborators":0,"private_repos":10000}}
[info] 
[info] +  Success! Logged into GitHub as Raj63-go 
[info] 
[debug] [2021-04-23T18:27:01.682Z] >>> [apiv2][query] GET https://api.github.com/repos/Bloggy/actions/secrets/public-key type=owner
[debug] [2021-04-23T18:27:02.387Z] <<< [apiv2][status] GET https://api.github.com/repos/Bloggy/actions/secrets/public-key 404
[debug] [2021-04-23T18:27:02.388Z] <<< [apiv2][body] GET https://api.github.com/repos/Bloggy/actions/secrets/public-key {"message":"Not Found","documentation_url":"https://docs.github.com/rest"}
[debug] [2021-04-23T18:28:06.487Z] >>> [apiv2][query] GET https://api.github.com/repos/Bloggy/actions/secrets/public-key type=owner
[debug] [2021-04-23T18:28:07.195Z] <<< [apiv2][status] GET https://api.github.com/repos/Bloggy/actions/secrets/public-key 404
[debug] [2021-04-23T18:28:07.196Z] <<< [apiv2][body] GET https://api.github.com/repos/Bloggy/actions/secrets/public-key {"message":"Not Found","documentation_url":"https://docs.github.com/rest"}
[debug] [2021-04-23T18:29:30.504Z] >>> [apiv2][query] GET https://api.github.com/repos//actions/secrets/public-key type=owner
[debug] [2021-04-23T18:29:31.084Z] >>> [apiv2][query] GET https://api.github.com/repos//actions/secrets/public-key type=owner
[debug] [2021-04-23T18:29:31.091Z] <<< [apiv2][status] GET https://api.github.com/repos//actions/secrets/public-key 404
[debug] [2021-04-23T18:29:31.091Z] <<< [apiv2][body] GET https://api.github.com/repos//actions/secrets/public-key {"message":"Not Found","documentation_url":"https://docs.github.com/rest"}
[debug] [2021-04-23T18:29:31.294Z] >>> [apiv2][query] GET https://api.github.com/repos//actions/secrets/public-key type=owner
[debug] [2021-04-23T18:29:31.650Z] <<< [apiv2][status] GET https://api.github.com/repos//actions/secrets/public-key 404
[debug] [2021-04-23T18:29:31.650Z] <<< [apiv2][body] GET https://api.github.com/repos//actions/secrets/public-key {"message":"Not Found","documentation_url":"https://docs.github.com/rest"}
[debug] [2021-04-23T18:29:31.667Z] >>> [apiv2][query] GET https://api.github.com/repos//actions/secrets/public-key type=owner
[debug] [2021-04-23T18:29:31.973Z] <<< [apiv2][status] GET https://api.github.com/repos//actions/secrets/public-key 404
[debug] [2021-04-23T18:29:31.974Z] <<< [apiv2][body] GET https://api.github.com/repos//actions/secrets/public-key {"message":"Not Found","documentation_url":"https://docs.github.com/rest"}
[debug] [2021-04-23T18:29:32.119Z] >>> [apiv2][query] GET https://api.github.com/repos//actions/secrets/public-key type=owner
[debug] [2021-04-23T18:29:32.353Z] <<< [apiv2][status] GET https://api.github.com/repos//actions/secrets/public-key 404
[debug] [2021-04-23T18:29:32.353Z] <<< [apiv2][body] GET https://api.github.com/repos//actions/secrets/public-key {"message":"Not Found","documentation_url":"https://docs.github.com/rest"}
[debug] [2021-04-23T18:29:32.714Z] <<< [apiv2][status] GET https://api.github.com/repos//actions/secrets/public-key 404
[debug] [2021-04-23T18:29:32.715Z] <<< [apiv2][body] GET https://api.github.com/repos//actions/secrets/public-key {"message":"Not Found","documentation_url":"https://docs.github.com/rest"}
